{"/home/davor/repos/react-ts/02-first-steps/src/FirstStepsApp.tsx": {"path":"/home/davor/repos/react-ts/02-first-steps/src/FirstStepsApp.tsx","statementMap":{"0":{"start":{"line":8,"column":34},"end":{"line":12,"column":null}}},"fnMap":{"0":{"name":"FirstStepsApp","decl":{"start":{"line":14,"column":16},"end":{"line":14,"column":null}},"loc":{"start":{"line":14,"column":16},"end":{"line":30,"column":null}},"line":14},"1":{"name":"(anonymous_1)","decl":{"start":{"line":21,"column":29},"end":{"line":21,"column":30}},"loc":{"start":{"line":21,"column":53},"end":{"line":23,"column":null}},"line":21}},"branchMap":{},"s":{"0":1},"f":{"0":3,"1":9},"b":{},"meta":{"lastBranch":0,"lastFunction":2,"lastStatement":1,"seen":{"s:8:34:12:Infinity":0,"f:14:16:14:Infinity":0,"f:21:29:21:30":1}}}
,"/home/davor/repos/react-ts/02-first-steps/src/MyAwesomeComponent.tsx": {"path":"/home/davor/repos/react-ts/02-first-steps/src/MyAwesomeComponent.tsx","statementMap":{"0":{"start":{"line":3,"column":22},"end":{"line":3,"column":null}},"1":{"start":{"line":4,"column":21},"end":{"line":4,"column":null}},"2":{"start":{"line":6,"column":26},"end":{"line":6,"column":null}},"3":{"start":{"line":7,"column":21},"end":{"line":7,"column":null}},"4":{"start":{"line":9,"column":20},"end":{"line":12,"column":null}},"5":{"start":{"line":14,"column":36},"end":{"line":19,"column":null}}},"fnMap":{"0":{"name":"MyAwesomeComponent","decl":{"start":{"line":22,"column":16},"end":{"line":22,"column":null}},"loc":{"start":{"line":22,"column":16},"end":{"line":38,"column":null}},"line":22}},"branchMap":{"0":{"loc":{"start":{"line":32,"column":17},"end":{"line":32,"column":null}},"type":"cond-expr","locations":[{"start":{"line":32,"column":28},"end":{"line":32,"column":39}},{"start":{"line":32,"column":39},"end":{"line":32,"column":null}}],"line":32}},"s":{"0":1,"1":1,"2":1,"3":1,"4":1,"5":1},"f":{"0":4},"b":{"0":[4,0]},"meta":{"lastBranch":1,"lastFunction":1,"lastStatement":6,"seen":{"s:3:22:3:Infinity":0,"s:4:21:4:Infinity":1,"s:6:26:6:Infinity":2,"s:7:21:7:Infinity":3,"s:9:20:12:Infinity":4,"s:14:36:19:Infinity":5,"f:22:16:22:Infinity":0,"b:32:28:32:39:32:39:32:Infinity":0}}}
,"/home/davor/repos/react-ts/02-first-steps/src/helpers/math.helper.ts": {"path":"/home/davor/repos/react-ts/02-first-steps/src/helpers/math.helper.ts","statementMap":{"0":{"start":{"line":1,"column":19},"end":{"line":3,"column":null}},"1":{"start":{"line":2,"column":4},"end":{"line":2,"column":null}},"2":{"start":{"line":5,"column":23},"end":{"line":7,"column":null}},"3":{"start":{"line":6,"column":4},"end":{"line":6,"column":null}},"4":{"start":{"line":9,"column":24},"end":{"line":11,"column":null}},"5":{"start":{"line":10,"column":4},"end":{"line":10,"column":null}},"6":{"start":{"line":13,"column":22},"end":{"line":15,"column":null}},"7":{"start":{"line":14,"column":4},"end":{"line":14,"column":null}}},"fnMap":{"0":{"name":"(anonymous_0)","decl":{"start":{"line":1,"column":19},"end":{"line":1,"column":20}},"loc":{"start":{"line":1,"column":31},"end":{"line":3,"column":null}},"line":1},"1":{"name":"(anonymous_1)","decl":{"start":{"line":5,"column":23},"end":{"line":5,"column":24}},"loc":{"start":{"line":5,"column":35},"end":{"line":7,"column":null}},"line":5},"2":{"name":"(anonymous_2)","decl":{"start":{"line":9,"column":24},"end":{"line":9,"column":25}},"loc":{"start":{"line":9,"column":36},"end":{"line":11,"column":null}},"line":9},"3":{"name":"(anonymous_3)","decl":{"start":{"line":13,"column":22},"end":{"line":13,"column":23}},"loc":{"start":{"line":13,"column":34},"end":{"line":15,"column":null}},"line":13}},"branchMap":{},"s":{"0":1,"1":1,"2":1,"3":2,"4":1,"5":2,"6":1,"7":0},"f":{"0":1,"1":2,"2":2,"3":0},"b":{},"meta":{"lastBranch":0,"lastFunction":4,"lastStatement":8,"seen":{"s:1:19:3:Infinity":0,"f:1:19:1:20":0,"s:2:4:2:Infinity":1,"s:5:23:7:Infinity":2,"f:5:23:5:24":1,"s:6:4:6:Infinity":3,"s:9:24:11:Infinity":4,"f:9:24:9:25":2,"s:10:4:10:Infinity":5,"s:13:22:15:Infinity":6,"f:13:22:13:23":3,"s:14:4:14:Infinity":7}}}
,"/home/davor/repos/react-ts/02-first-steps/src/shopping-cart/ItemCounter.css": {"path":"/home/davor/repos/react-ts/02-first-steps/src/shopping-cart/ItemCounter.css","statementMap":{},"fnMap":{},"branchMap":{},"s":{},"f":{},"b":{},"meta":{"lastBranch":0,"lastFunction":0,"lastStatement":0,"seen":{}}}
,"/home/davor/repos/react-ts/02-first-steps/src/shopping-cart/ItemCounter.tsx": {"path":"/home/davor/repos/react-ts/02-first-steps/src/shopping-cart/ItemCounter.tsx","statementMap":{"0":{"start":{"line":9,"column":27},"end":{"line":34,"column":null}},"1":{"start":{"line":11,"column":27},"end":{"line":11,"column":null}},"2":{"start":{"line":13,"column":22},"end":{"line":15,"column":null}},"3":{"start":{"line":14,"column":8},"end":{"line":14,"column":null}},"4":{"start":{"line":17,"column":27},"end":{"line":20,"column":null}},"5":{"start":{"line":18,"column":8},"end":{"line":18,"column":null}},"6":{"start":{"line":18,"column":24},"end":{"line":18,"column":null}},"7":{"start":{"line":19,"column":8},"end":{"line":19,"column":null}}},"fnMap":{"0":{"name":"(anonymous_0)","decl":{"start":{"line":9,"column":27},"end":{"line":9,"column":28}},"loc":{"start":{"line":9,"column":54},"end":{"line":34,"column":null}},"line":9},"1":{"name":"(anonymous_1)","decl":{"start":{"line":13,"column":22},"end":{"line":13,"column":null}},"loc":{"start":{"line":13,"column":22},"end":{"line":15,"column":null}},"line":13},"2":{"name":"(anonymous_2)","decl":{"start":{"line":17,"column":27},"end":{"line":17,"column":null}},"loc":{"start":{"line":17,"column":27},"end":{"line":20,"column":null}},"line":17}},"branchMap":{"0":{"loc":{"start":{"line":9,"column":35},"end":{"line":9,"column":47}},"type":"default-arg","locations":[{"start":{"line":9,"column":46},"end":{"line":9,"column":47}}],"line":9},"1":{"loc":{"start":{"line":18,"column":8},"end":{"line":18,"column":null}},"type":"if","locations":[{"start":{"line":18,"column":8},"end":{"line":18,"column":null}},{"start":{},"end":{}}],"line":18},"2":{"loc":{"start":{"line":27,"column":23},"end":{"line":27,"column":null}},"type":"cond-expr","locations":[{"start":{"line":27,"column":37},"end":{"line":27,"column":45}},{"start":{"line":27,"column":45},"end":{"line":27,"column":null}}],"line":27}},"s":{"0":1,"1":9,"2":9,"3":1,"4":9,"5":2,"6":1,"7":1},"f":{"0":9,"1":1,"2":2},"b":{"0":[9],"1":[1,1],"2":[4,5]},"meta":{"lastBranch":3,"lastFunction":3,"lastStatement":8,"seen":{"s:9:27:34:Infinity":0,"f:9:27:9:28":0,"b:9:46:9:47":0,"s:11:27:11:Infinity":1,"s:13:22:15:Infinity":2,"f:13:22:13:Infinity":1,"s:14:8:14:Infinity":3,"s:17:27:20:Infinity":4,"f:17:27:17:Infinity":2,"b:18:8:18:Infinity:undefined:undefined:undefined:undefined":1,"s:18:8:18:Infinity":5,"s:18:24:18:Infinity":6,"s:19:8:19:Infinity":7,"b:27:37:27:45:27:45:27:Infinity":2}}}
}
